<?xml version="1.0" encoding="UTF-8" ?>
<testsuite errors="0" failures="0" hostname="Ideabytes-06-PC" name="CQGenerated.CQTestSuite" skipped="0" tests="2" time="17.85" timestamp="2018-09-05T12:38:01">
  <properties>
[...]
</properties>
  <testcase classname="CQGenerated.testsuite.TestCase1" name="test" time="8.905" />
  <testcase classname="CQGenerated.testsuite.TestCase7" name="test" time="8.915" />
  <system-out><![CDATA[dfcbgkj
Setup: Invalid Login when user enters username which does not exist
Executing test step 1
URL : http://parabank2.parasoft.com/parabank/index.htm
Executing test step 2
Executing test step 3
Executing test step 4
Executing test step 5
TearDown: Invalid Login when user enters username which does not exist
Setup: Forgot Password
Executing test step 1
URL : http://parabank2.parasoft.com/parabank/index.htm
Executing test step 2
Executing test step 3
Executing test step 4
Executing test step 5
Executing test step 6
Executing test step 7
Executing test step 8
TearDown: Forgot Password
]]></system-out>
  <system-err><![CDATA[Starting ChromeDriver 2.36.540470 (e522d04694c7ebea4ba8821272dbef4f9b818c91) on port 39194
Only local connections are allowed.
Starting ChromeDriver 2.36.540470 (e522d04694c7ebea4ba8821272dbef4f9b818c91) on port 18346
Only local connections are allowed.
]]></system-err>
</testsuite>
